2025-03-30 03:31:37,132 - INFO - Fetching sender information for ID: 10ca26bf-2b4f-4f7d-8369-28b676ed5042
2025-03-30 03:31:37,142 - INFO - Attempting to send email to Dhananjay.ag007@gmail.com
2025-03-30 03:31:37,142 - INFO - Sender: Dhananjay, Subject: Inquiry about Donation: Mobile
2025-03-30 03:31:41,186 - INFO - Email sent successfully to Dhananjay.ag007@gmail.com
2025-03-30 23:05:25,687 - INFO - Fetching sender information for ID: ad8eb7d0-f379-4191-9c3f-6d48682f2a81
2025-03-30 23:05:25,687 - INFO - Attempting to send email to Dhananjay.ag007@gmail.com
2025-03-30 23:05:25,687 - INFO - Sender: Dhananjay1, Subject: Inquiry about Donation: Printer
2025-03-30 23:05:30,076 - INFO - Email sent successfully to Dhananjay.ag007@gmail.com
2025-03-30 23:41:28,114 - INFO - Fetching sender information for ID: 10ca26bf-2b4f-4f7d-8369-28b676ed5042
2025-03-30 23:41:28,115 - INFO - Attempting to send email to cyteop@gmail.com
2025-03-30 23:41:28,115 - INFO - Sender: Dhananjay, Subject: Inquiry about Donation: Table
2025-03-30 23:41:32,030 - INFO - Email sent successfully to cyteop@gmail.com
2025-04-01 22:26:35,483 - INFO - Fetching sender information for ID: ad8eb7d0-f379-4191-9c3f-6d48682f2a81
2025-04-01 22:26:35,483 - INFO - Attempting to send email to Dhananjay.ag007@gmail.com
2025-04-01 22:26:35,483 - INFO - Sender: Dhananjay1, Subject: Inquiry about Donation: Printer
2025-04-01 22:26:39,208 - INFO - Email sent successfully to Dhananjay.ag007@gmail.com
2025-04-25 02:07:07,439 - INFO - Fetching sender information for ID: 03449759-e135-4800-a4ef-f10ad0063136
2025-04-25 02:07:07,439 - INFO - Attempting to send email to Dhananjay.ag007@gmail.com
2025-04-25 02:07:07,439 - INFO - Sender: DJ, Subject: Inquiry about Donation: Printer
2025-04-25 02:07:11,352 - INFO - Email sent successfully to Dhananjay.ag007@gmail.com
